
// ==========================================================================
//  GPLEX error listing for lex source file <SimpleLex.lex>
// ==========================================================================
//  Version:  1.1.3.301
//  Machine:  DESKTOP-K6V2PJ2
//  DateTime: 20.09.2015 16:53:37
//  UserName: Alexey
// ==========================================================================


Ôªø%using SimpleParser;
// Error: Illegal character in this context
// Error: Illegal character in this context
// Error: Illegal character in this context
// ----------------------------------------
%using QUT.Gppg;
%using System.Linq;

%namespace SimpleScanner

Alpha 	[a-zA-Z_]
Digit   [0-9]
AlphaDigit {Alpha}|{Digit}
INTNUM  {Digit}+
REALNUM {INTNUM}\.{INTNUM}
ID {Alpha}{AlphaDigit}*

%%

{INTNUM} {
  yylval.iVal = int.Parse(yytext);
  return (int)Tokens.INUM;
}

{REALNUM} {
  yylval.dVal = double.Parse(yytext);
  return (int)Tokens.RNUM;
}

{ID}  {
  int res = ScannerHelper.GetIDToken(yytext);
  if (res == (int)Tokens.ID)
	yylval.sVal = yytext;
  return res;
}

"{" { return (int)Tokens.BEGIN; }
"}" { return (int)Tokens.END; }
"(" { return (int)Tokens.LBRACKET; }
")" { return (int)Tokens.RBRACKET; }
"+" { return (int)Tokens.PLUS; }
"-" { return (int)Tokens.MINUS; }
"*" { return (int)Tokens.MUL; }
"/" { return (int)Tokens.DIV; }
"=" { return (int)Tokens.ASSIGN; }
";" { return (int)Tokens.SEMICOLON; }
"<" { return (int)Tokens.LESS; }
"<<" { return (int)Tokens.LSHIFT; }
">" { return (int)Tokens.GREAT; }
"==" { return (int)Tokens.EQUAL; }
"!=" { return (int)Tokens.INEQUAL; }

[^\t \r\n] {
	LexError();
}

%{
  yylloc = new LexLocation(tokLin, tokCol, tokELin, tokECol);
%}

%%

public override void yyerror(string format, params object[] args) // –æ–±—?–∞–±–æ—?–∫–∞ —Å–∏–Ω—?–∞–∫—Å–∏—?–µ—Å–∫–∏—? –æ—?–∏–±–æ–∫
{
  var ww = args.Skip(1).Cast<string>().ToArray();
  string errorMsg = string.Format("({0},{1}): –?—Å—?—?–µ—?–µ–Ω–æ {2}, –∞ –æ–∂–∏–¥–∞–ª–æ—Å—? {3}", yyline, yycol, args[0], string.Join(" –∏–ª–∏ ", ww));
  throw new SyntaxException(errorMsg);
}

public void LexError()
{
  string errorMsg = string.Format("({0},{1}): –ù–µ–∏–∑–≤–µ—Å—?–Ω—?–π —Å–∏–º–≤–æ–ª {2}", yyline, yycol, yytext);
  throw new LexException(errorMsg);
}

class ScannerHelper
{
  private static Dictionary<string,int> keywords;

  static ScannerHelper()
  {
    keywords = new Dictionary<string,int>();
    keywords.Add("do",(int)Tokens.DO);
    keywords.Add("cout",(int)Tokens.COUT);
    keywords.Add("if",(int)Tokens.IF);
    keywords.Add("else",(int)Tokens.ELSE);
    keywords.Add("while",(int)Tokens.WHILE);
  }
  public static int GetIDToken(string s)
  {
	if (keywords.ContainsKey(s.ToLower()))
	  return keywords[s];
	else
      return (int)Tokens.ID;
  }

}
// ==========================================================================

