
// ==========================================================================
//  GPLEX error listing for lex source file <SimpleLex.lex>
// ==========================================================================
//  Version:  1.1.3.301
//  Machine:  ANTON-NOTEBOOK
//  DateTime: 21.09.2015 15:44:21
//  UserName: ?????
// ==========================================================================


%using SimpleParser;
%using QUT.Gppg;
%using System.Linq;

%namespace SimpleScanner

Alpha 	[a-zA-Z_]
Digit   [0-9] 
AlphaDigit {Alpha}|{Digit}
INTNUM  [\+-]?{Digit}+
//--------^^
// Warning: No upper bound to range, "'+','-'" included as set class members
// -------------------------------------------------------------------------
REALNUM {INTNUM}\.{Digit}+
ID {Alpha}{AlphaDigit}* 

%%

{INTNUM} { 
  yylval.iVal = int.Parse(yytext); 
  return (int)Tokens.INUM; 
}

{REALNUM} { 
  //yylval.dVal = double.Parse(yytext, System.Globalization.CultureInfo("en-US")); 
  yylval.dVal = Convert.ToDouble(yytext, CultureInfo.GetCultureInfo("en-US"));
  return (int)Tokens.RNUM;
}

{ID}  { 
  int res = ScannerHelper.GetIDToken(yytext);
  if (res == (int)Tokens.ID)
	yylval.sVal = yytext;
  return res;
}

":=" { return (int)Tokens.ASSIGN; }
";" { return (int)Tokens.SEMICOLON; }
"+" { return (int)Tokens.PLUS; }
"-" { return (int)Tokens.MINUS; }
"*" { return (int)Tokens.MULT; }
"/" { return (int)Tokens.DIV; }
"(" { return (int)Tokens.LEFTBRACKET; }
")" { return (int)Tokens.RIGHTBRACKET; }
">" { return (int)Tokens.GREATER; }
"<" { return (int)Tokens.LESS; }
"==" { return (int)Tokens.EQUAL; }
"!=" { return (int)Tokens.NOTEQUAL; }

[^ \r\n] {
	LexError();
}

%{
  yylloc = new LexLocation(tokLin, tokCol, tokELin, tokECol);
%}

%%

public override void yyerror(string format, params object[] args) // обработка синтаксических ошибок
{
  var ww = args.Skip(1).Cast<string>().ToArray();
  string errorMsg = string.Format("({0},{1}): Встречено {2}, а ожидалось {3}", yyline, yycol, args[0], string.Join(" или ", ww));
  throw new SyntaxException(errorMsg);
}

public void LexError()
{
  string errorMsg = string.Format("({0},{1}): Неизвестный символ {2}", yyline, yycol, yytext);
  throw new LexException(errorMsg);
}

class ScannerHelper 
{
  private static Dictionary<string,int> keywords;

  static ScannerHelper() 
  {
    keywords = new Dictionary<string,int>();
    keywords.Add("begin",(int)Tokens.BEGIN);
    keywords.Add("end",(int)Tokens.END);
    keywords.Add("cycle",(int)Tokens.CYCLE);
  }
  public static int GetIDToken(string s)
  {
	var s1 = s.ToLower();
	if (keywords.ContainsKey(s1))
	  return keywords[s1];
	else
      return (int)Tokens.ID;
  }
  
}
// ==========================================================================

