
// ==========================================================================
//  GPPG error listing for yacc source file <SimpleYacc.y>
// ==========================================================================
//  Version:  1.3.6
//  Machine:  ANTON-NOTEBOOK
//  DateTime: 21.09.2015 15:38:59
//  UserName: Антон
// ==========================================================================


%{
// Ýòè îáúÿâëåíèÿ äîáàâëÿþòñÿ â êëàññ GPPGParser, ïðåäñòàâëÿþùèé ñîáîé ïàðñåð, ãåíåðèðóåìûé ñèñòåìîé gppg
    public BlockNode root; // Êîðíåâîé óçåë ñèíòàêñè÷åñêîãî äåðåâà 
    public Parser(AbstractScanner<ValueType, LexLocation> scanner) : base(scanner) { }
%}

%output = SimpleYacc.cs

%union { 
			public double dVal; 
			public int iVal; 
			public string sVal; 
			public Node nVal;
			public ExprNode eVal;
			public StatementNode stVal;
			public BlockNode blVal;
			public PredicateBinaryNode prVal;
       }

%using ProgramTree;

%namespace SimpleParser

%token BEGIN END CYCLE ASSIGN SEMICOLON PLUS MINUS MULT DIV LEFTBRACKET RIGHTBRACKET
%token <iVal> INUM 
%token <dVal> RNUM 
%token <sVal> ID

%type <eVal> expr ident t f
%type <stVal> assign statement cycle 
%type <blVal> stlist block
%type <prVal> prexpr

%%
// Error: NonTerminal symbol "prexpr" has no productions
// Warning: Terminating prexpr fixes the following size-1 NonTerminal set
   // {prexpr}
// Error: There are 1 non-terminating NonTerminal Symbols
   //  {prexpr}
// ----------------------------------------------------------------------

progr   : block { root = $1; }
		;

stlist	: statement 
			{ 
				$$ = new BlockNode($1); 
			}
		| stlist SEMICOLON statement 
			{ 
				$1.Add($3); 
				$$ = $1; 
			}
		;

statement: assign { $$ = $1; }
		| block   { $$ = $1; }
		| cycle   { $$ = $1; }
	;

ident 	: ID { $$ = new IdNode($1); }	
		;
	
assign 	: ident ASSIGN expr { $$ = new AssignNode($1 as IdNode, $3); }
		| ident ASSIGN prexpr { $$ = new AssignNode($1 as IdNode, $3); }
		;

expr	: t { $$ = $1; }
		| expr PLUS t { $$ = new BinaryNode($1, $3, OperationType.Plus); }
		| expr MINUS t { $$ = new BinaryNode($1, $3, OperationType.Minus); }
		;

t		: f { $$ = $1; }
		| t MULT f { $$ = new BinaryNode($1, $3, OperationType.Mult); }
		| t DIV f { $$ = new BinaryNode($1, $3, OperationType.Div); }
		;

f		: ident { $$ = $1 as IdNode; }
		| INUM { $$ = new IntNumNode($1); }
		| RNUM { $$ = new RealNumNode($1); }
		| LEFTBRACKET expr RIGHTBRACKET { $$ = $2; }
		;

block	: BEGIN stlist END { $$ = $2; }
		;

cycle	: CYCLE expr statement { $$ = new CycleNode($2, $3); }
		;
	
%%

// ==========================================================================

