
// ==========================================================================
//  GPPG error listing for yacc source file <SimpleYacc.y>
// ==========================================================================
//  Version:  1.3.6
//  Machine:  UNREAL-SMARTPC
//  DateTime: 18.09.2015 18:40:38
//  UserName: Vladislav
// ==========================================================================


%{
// Ýòè îáúÿâëåíèÿ äîáàâëÿþòñÿ â êëàññ GPPGParser, ïðåäñòàâëÿþùèé ñîáîé ïàðñåð, ãåíåðèðóåìûé ñèñòåìîé gppg
    public BlockNode root; // Êîðíåâîé óçåë ñèíòàêñè÷åñêîãî äåðåâà 
    public Parser(AbstractScanner<ValueType, LexLocation> scanner) : base(scanner) { }
%}

%output = SimpleYacc.cs

%union { 
			public double dVal; 
			public int iVal; 
			public string sVal; 
			public Node nVal;
			public ExprNode eVal;
			public StatementNode stVal;
			public BlockNode blVal;
       }

%using ProgramTree;

%namespace SimpleParser

%token BEGIN END CYCLE ASSIGN SEMICOLON PLUS MINUS MULT DIV BRACKETL BRACKETR LESS MORE EQUAL NOTEQUAL LESSEQUAL MOREQUAL INT BOOL IF ELSE
%token <iVal> INUM 
%token <dVal> RNUM 
%token <sVal> ID

%type <eVal> expr ident T F
%type <stVal> assign statement cycle var if
%type <blVal> stlist block

%%
// Error: NonTerminal symbol "MOREEQUAL" has no productions
// Warning: Terminating MOREEQUAL fixes the following size-1 NonTerminal set
   // {MOREEQUAL}
// Error: There are 1 non-terminating NonTerminal Symbols
   //  {MOREEQUAL}
// -------------------------------------------------------------------------

progr   : block { root = $1; }
		;

stlist	: statement 
			{ 
				$$ = new BlockNode($1); 
			}
		| stlist SEMICOLON statement 
			{ 
				$1.Add($3); 
				$$ = $1; 
			}
		;

statement: assign { $$ = $1; }
		| block   { $$ = $1; }
		| cycle   { $$ = $1; }
		| var 	  { $$ = $1; }
		| if	  { $$ = $1; }
	;

ident 	: ID { $$ = new IdNode($1); }	
		;
	
assign 	: ident ASSIGN expr { $$ = new AssignNode($1 as IdNode, $3); }
		;

var		: INT ident { $$ = new VarNode(VarType.Int, $2 as IdNode); }
		| BOOL ident { $$ = new VarNode(VarType.Bool, $2 as IdNode); }
		;
		
if		: IF BRACKETL expr BRACKETR statement { $$ = new IfNode($3, $5); }
		| IF BRACKETL expr BRACKETR statement ELSE statement { $$ = new IfNode($3, $5, $7); }
		;
	
expr	: L { $$ = $1; }
		| expr LESS L { $$ = new BinaryNode($1, $3, BinaryType.Less); }
		| expr MORE L { $$ = new BinaryNode($1, $3, BinaryType.More); }
		| expr EQUAL L { $$ = new BinaryNode($1, $3, BinaryType.Equal); }
		| expr NOTEQUAL L { $$ = new BinaryNode($1, $3, BinaryType.NotEqual); }
		| expr LESSEQUAL L { $$ = new BinaryNode($1, $3, BinaryType.LessEqual); }
		| expr MOREEQUAL L { $$ = new BinaryNode($1, $3, BinaryType.MoreEqual); }
		;
		
L 		: T { $$ = $1; }
		| L PLUS T { $$ = new BinaryNode($1, $3, BinaryType.Plus); }
		| L MINUS T { $$ = new BinaryNode($1, $3, BinaryType.Minus); }
		;

T    	: F { $$ = $1; }
		| T MULT F { $$ = new BinaryNode($1, $3, BinaryType.Mult); }
		| T DIV F { $$ = new BinaryNode($1, $3, BinaryType.Div); }
		;

F    	: ident { $$ = $1 as IdNode; }
		| INUM { $$ = new IntNumNode($1); }
		| BRACKETL expr BRACKETR { $$ = $2; }
		;
		
block	: BEGIN stlist END { $$ = $2; }
		;

cycle	: CYCLE BRACKETL expr BRACKETR statement { $$ = new CycleNode($3, $5); }
		;
	
%%

// ==========================================================================

